[2022-01-10T00:16:20.117] [INFO] access - ::1 - - "DELETE /user/meetings/44/drop HTTP/1.1" 200 46 "" "PostmanRuntime/7.28.4"
[2022-01-10T00:16:33.840] [INFO] access - ::1 - - "GET /user/meetings/44 HTTP/1.1" 200 379 "" "PostmanRuntime/7.28.4"
[2022-01-10T00:16:40.943] [INFO] access - ::1 - - "GET /user/meetings HTTP/1.1" 200 3652 "" "PostmanRuntime/7.28.4"
[2022-01-10T00:17:05.180] [INFO] access - ::1 - - "GET /user HTTP/1.1" 200 303 "" "PostmanRuntime/7.28.4"
[2022-01-10T00:17:27.772] [INFO] access - ::1 - - "GET /user/meetings HTTP/1.1" 200 3652 "" "PostmanRuntime/7.28.4"
[2022-01-10T00:17:51.469] [INFO] access - ::1 - - "GET /user/meetings/44 HTTP/1.1" 200 379 "" "PostmanRuntime/7.28.4"
[2022-01-10T00:18:10.498] [INFO] access - ::1 - - "GET /user/meetings HTTP/1.1" 200 3652 "" "PostmanRuntime/7.28.4"
[2022-01-10T00:18:22.691] [INFO] access - ::1 - - "PATCH /user/meetings/44 HTTP/1.1" 200 794 "" "PostmanRuntime/7.28.4"
[2022-01-10T00:18:30.130] [INFO] access - ::1 - - "GET /user/meetings HTTP/1.1" 200 3656 "" "PostmanRuntime/7.28.4"
[2022-01-10T00:18:37.556] [INFO] access - ::1 - - "GET /user HTTP/1.1" 200 303 "" "PostmanRuntime/7.28.4"
[2022-01-10T00:18:50.101] [INFO] access - ::1 - - "POST /user/meetings HTTP/1.1" 200 875 "" "PostmanRuntime/7.28.4"
[2022-01-10T00:19:02.224] [INFO] access - ::1 - - "GET /user/meetings/47 HTTP/1.1" 200 381 "" "PostmanRuntime/7.28.4"
[2022-01-10T00:19:05.187] [INFO] access - ::1 - - "GET /user/meetings HTTP/1.1" 200 4015 "" "PostmanRuntime/7.28.4"
[2022-01-10T00:19:32.938] [INFO] access - ::1 - - "DELETE /user/meetings/47/drop HTTP/1.1" 200 46 "" "PostmanRuntime/7.28.4"
[2022-01-10T00:19:36.725] [INFO] access - ::1 - - "GET /user HTTP/1.1" 200 306 "" "PostmanRuntime/7.28.4"
[2022-01-10T00:19:40.209] [INFO] access - ::1 - - "GET /user HTTP/1.1" 200 306 "" "PostmanRuntime/7.28.4"
[2022-01-10T00:19:41.219] [INFO] access - ::1 - - "GET /user HTTP/1.1" 200 306 "" "PostmanRuntime/7.28.4"
[2022-01-10T00:19:41.928] [INFO] access - ::1 - - "GET /user HTTP/1.1" 200 306 "" "PostmanRuntime/7.28.4"
[2022-01-10T00:19:42.597] [INFO] access - ::1 - - "GET /user HTTP/1.1" 200 306 "" "PostmanRuntime/7.28.4"
[2022-01-10T00:19:51.877] [INFO] access - ::1 - - "GET /user/meetings HTTP/1.1" 200 3978 "" "PostmanRuntime/7.28.4"
[2022-01-10T00:20:42.201] [INFO] access - ::1 - - "DELETE /user/meetings/47/drop HTTP/1.1" 200 46 "" "PostmanRuntime/7.28.4"
[2022-01-10T00:20:45.363] [INFO] access - ::1 - - "GET /user HTTP/1.1" 200 303 "" "PostmanRuntime/7.28.4"
[2022-01-10T00:20:54.945] [INFO] access - ::1 - - "DELETE /user/meetings/44/drop HTTP/1.1" 200 46 "" "PostmanRuntime/7.28.4"
[2022-01-10T00:20:58.030] [INFO] access - ::1 - - "GET /user HTTP/1.1" 200 291 "" "PostmanRuntime/7.28.4"
[2022-01-10T00:21:02.445] [INFO] access - ::1 - - "GET /user/meetings HTTP/1.1" 200 2224 "" "PostmanRuntime/7.28.4"
